2024-11-22 23:59:25,421 - DEBUG - Thread-0: This is a DEBUG message.
2024-11-22 23:59:25,421 - INFO - Thread-0: This is an INFO message.
2024-11-22 23:59:25,421 - DEBUG - Thread-1: This is a DEBUG message.
2024-11-22 23:59:25,421 - WARNING - Thread-0: This is a WARNING message.
2024-11-22 23:59:25,422 - DEBUG - Thread-2: This is a DEBUG message.
2024-11-22 23:59:25,422 - INFO - Thread-1: This is an INFO message.
2024-11-22 23:59:25,422 - DEBUG - Thread-3: This is a DEBUG message.
2024-11-22 23:59:25,422 - ERROR - Thread-0: This is an ERROR message.
2024-11-22 23:59:25,423 - DEBUG - Thread-4: This is a DEBUG message.
2024-11-22 23:59:25,423 - INFO - Thread-2: This is an INFO message.
2024-11-22 23:59:25,423 - WARNING - Thread-1: This is a WARNING message.
2024-11-22 23:59:25,423 - INFO - Thread-3: This is an INFO message.
2024-11-22 23:59:25,423 - CRITICAL - Thread-0: This is a CRITICAL message.
2024-11-22 23:59:25,423 - INFO - Thread-4: This is an INFO message.
2024-11-22 23:59:25,423 - WARNING - Thread-2: This is a WARNING message.
2024-11-22 23:59:25,431 - ERROR - Thread-1: This is an ERROR message.
2024-11-22 23:59:25,431 - WARNING - Thread-3: This is a WARNING message.
2024-11-22 23:59:25,431 - WARNING - Thread-4: This is a WARNING message.
2024-11-22 23:59:25,431 - ERROR - Thread-2: This is an ERROR message.
2024-11-22 23:59:25,431 - CRITICAL - Thread-1: This is a CRITICAL message.
2024-11-22 23:59:25,431 - ERROR - Thread-3: This is an ERROR message.
2024-11-22 23:59:25,431 - ERROR - Thread-4: This is an ERROR message.
2024-11-22 23:59:25,431 - CRITICAL - Thread-2: This is a CRITICAL message.
2024-11-22 23:59:25,431 - CRITICAL - Thread-3: This is a CRITICAL message.
2024-11-22 23:59:25,431 - CRITICAL - Thread-4: This is a CRITICAL message.
2024-11-22 23:59:26,432 - DEBUG - Thread-0: This is a DEBUG message.
2024-11-22 23:59:26,432 - INFO - Thread-0: This is an INFO message.
2024-11-22 23:59:26,432 - WARNING - Thread-0: This is a WARNING message.
2024-11-22 23:59:26,432 - ERROR - Thread-0: This is an ERROR message.
2024-11-22 23:59:26,432 - CRITICAL - Thread-0: This is a CRITICAL message.
2024-11-22 23:59:26,432 - DEBUG - Thread-1: This is a DEBUG message.
2024-11-22 23:59:26,432 - INFO - Thread-1: This is an INFO message.
2024-11-22 23:59:26,432 - WARNING - Thread-1: This is a WARNING message.
2024-11-22 23:59:26,432 - ERROR - Thread-1: This is an ERROR message.
2024-11-22 23:59:26,432 - CRITICAL - Thread-1: This is a CRITICAL message.
2024-11-22 23:59:26,433 - DEBUG - Thread-4: This is a DEBUG message.
2024-11-22 23:59:26,433 - DEBUG - Thread-2: This is a DEBUG message.
2024-11-22 23:59:26,433 - DEBUG - Thread-3: This is a DEBUG message.
2024-11-22 23:59:26,433 - INFO - Thread-4: This is an INFO message.
2024-11-22 23:59:26,433 - INFO - Thread-2: This is an INFO message.
2024-11-22 23:59:26,433 - INFO - Thread-3: This is an INFO message.
2024-11-22 23:59:26,433 - WARNING - Thread-4: This is a WARNING message.
2024-11-22 23:59:26,433 - WARNING - Thread-2: This is a WARNING message.
2024-11-22 23:59:26,433 - WARNING - Thread-3: This is a WARNING message.
2024-11-22 23:59:26,433 - ERROR - Thread-4: This is an ERROR message.
2024-11-22 23:59:26,433 - ERROR - Thread-2: This is an ERROR message.
2024-11-22 23:59:26,433 - ERROR - Thread-3: This is an ERROR message.
2024-11-22 23:59:26,433 - CRITICAL - Thread-4: This is a CRITICAL message.
2024-11-22 23:59:26,433 - CRITICAL - Thread-2: This is a CRITICAL message.
2024-11-22 23:59:26,434 - CRITICAL - Thread-3: This is a CRITICAL message.
2024-11-22 23:59:27,432 - DEBUG - Thread-0: This is a DEBUG message.
2024-11-22 23:59:27,432 - INFO - Thread-0: This is an INFO message.
2024-11-22 23:59:27,432 - WARNING - Thread-0: This is a WARNING message.
2024-11-22 23:59:27,432 - ERROR - Thread-0: This is an ERROR message.
2024-11-22 23:59:27,432 - CRITICAL - Thread-0: This is a CRITICAL message.
2024-11-22 23:59:27,433 - DEBUG - Thread-1: This is a DEBUG message.
2024-11-22 23:59:27,433 - INFO - Thread-1: This is an INFO message.
2024-11-22 23:59:27,433 - WARNING - Thread-1: This is a WARNING message.
2024-11-22 23:59:27,433 - ERROR - Thread-1: This is an ERROR message.
2024-11-22 23:59:27,433 - CRITICAL - Thread-1: This is a CRITICAL message.
2024-11-22 23:59:27,434 - DEBUG - Thread-3: This is a DEBUG message.
2024-11-22 23:59:27,434 - DEBUG - Thread-2: This is a DEBUG message.
2024-11-22 23:59:27,434 - DEBUG - Thread-4: This is a DEBUG message.
2024-11-22 23:59:27,434 - INFO - Thread-3: This is an INFO message.
2024-11-22 23:59:27,434 - INFO - Thread-2: This is an INFO message.
2024-11-22 23:59:27,434 - INFO - Thread-4: This is an INFO message.
2024-11-22 23:59:27,435 - WARNING - Thread-3: This is a WARNING message.
2024-11-22 23:59:27,435 - WARNING - Thread-2: This is a WARNING message.
2024-11-22 23:59:27,435 - WARNING - Thread-4: This is a WARNING message.
2024-11-22 23:59:27,435 - ERROR - Thread-3: This is an ERROR message.
2024-11-22 23:59:27,435 - ERROR - Thread-2: This is an ERROR message.
2024-11-22 23:59:27,435 - ERROR - Thread-4: This is an ERROR message.
2024-11-22 23:59:27,435 - CRITICAL - Thread-3: This is a CRITICAL message.
2024-11-22 23:59:27,435 - CRITICAL - Thread-2: This is a CRITICAL message.
2024-11-22 23:59:27,435 - CRITICAL - Thread-4: This is a CRITICAL message.
2024-11-22 23:59:28,433 - DEBUG - Thread-0: This is a DEBUG message.
2024-11-22 23:59:28,433 - INFO - Thread-0: This is an INFO message.
2024-11-22 23:59:28,433 - WARNING - Thread-0: This is a WARNING message.
2024-11-22 23:59:28,433 - ERROR - Thread-0: This is an ERROR message.
2024-11-22 23:59:28,433 - CRITICAL - Thread-0: This is a CRITICAL message.
2024-11-22 23:59:28,433 - DEBUG - Thread-1: This is a DEBUG message.
2024-11-22 23:59:28,433 - INFO - Thread-1: This is an INFO message.
2024-11-22 23:59:28,433 - WARNING - Thread-1: This is a WARNING message.
2024-11-22 23:59:28,433 - ERROR - Thread-1: This is an ERROR message.
2024-11-22 23:59:28,433 - CRITICAL - Thread-1: This is a CRITICAL message.
2024-11-22 23:59:28,436 - DEBUG - Thread-4: This is a DEBUG message.
2024-11-22 23:59:28,436 - DEBUG - Thread-2: This is a DEBUG message.
2024-11-22 23:59:28,436 - DEBUG - Thread-3: This is a DEBUG message.
2024-11-22 23:59:28,436 - INFO - Thread-4: This is an INFO message.
2024-11-22 23:59:28,436 - INFO - Thread-2: This is an INFO message.
2024-11-22 23:59:28,436 - INFO - Thread-3: This is an INFO message.
2024-11-22 23:59:28,436 - WARNING - Thread-4: This is a WARNING message.
2024-11-22 23:59:28,436 - WARNING - Thread-2: This is a WARNING message.
2024-11-22 23:59:28,436 - WARNING - Thread-3: This is a WARNING message.
2024-11-22 23:59:28,436 - ERROR - Thread-4: This is an ERROR message.
2024-11-22 23:59:28,436 - ERROR - Thread-2: This is an ERROR message.
2024-11-22 23:59:28,436 - ERROR - Thread-3: This is an ERROR message.
2024-11-22 23:59:28,436 - CRITICAL - Thread-4: This is a CRITICAL message.
2024-11-22 23:59:28,436 - CRITICAL - Thread-2: This is a CRITICAL message.
2024-11-22 23:59:28,437 - CRITICAL - Thread-3: This is a CRITICAL message.
2024-11-22 23:59:29,433 - DEBUG - Thread-0: This is a DEBUG message.
2024-11-22 23:59:29,433 - INFO - Thread-0: This is an INFO message.
2024-11-22 23:59:29,433 - WARNING - Thread-0: This is a WARNING message.
2024-11-22 23:59:29,433 - ERROR - Thread-0: This is an ERROR message.
2024-11-22 23:59:29,433 - CRITICAL - Thread-0: This is a CRITICAL message.
2024-11-22 23:59:29,434 - DEBUG - Thread-1: This is a DEBUG message.
2024-11-22 23:59:29,434 - INFO - Thread-1: This is an INFO message.
2024-11-22 23:59:29,434 - WARNING - Thread-1: This is a WARNING message.
2024-11-22 23:59:29,434 - ERROR - Thread-1: This is an ERROR message.
2024-11-22 23:59:29,434 - CRITICAL - Thread-1: This is a CRITICAL message.
2024-11-22 23:59:29,437 - DEBUG - Thread-3: This is a DEBUG message.
2024-11-22 23:59:29,437 - INFO - Thread-3: This is an INFO message.
2024-11-22 23:59:29,437 - WARNING - Thread-3: This is a WARNING message.
2024-11-22 23:59:29,437 - ERROR - Thread-3: This is an ERROR message.
2024-11-22 23:59:29,437 - DEBUG - Thread-4: This is a DEBUG message.
2024-11-22 23:59:29,437 - DEBUG - Thread-2: This is a DEBUG message.
2024-11-22 23:59:29,437 - CRITICAL - Thread-3: This is a CRITICAL message.
2024-11-22 23:59:29,437 - INFO - Thread-4: This is an INFO message.
2024-11-22 23:59:29,437 - INFO - Thread-2: This is an INFO message.
2024-11-22 23:59:29,438 - WARNING - Thread-4: This is a WARNING message.
2024-11-22 23:59:29,438 - WARNING - Thread-2: This is a WARNING message.
2024-11-22 23:59:29,438 - ERROR - Thread-4: This is an ERROR message.
2024-11-22 23:59:29,438 - ERROR - Thread-2: This is an ERROR message.
2024-11-22 23:59:29,438 - CRITICAL - Thread-4: This is a CRITICAL message.
2024-11-22 23:59:29,438 - CRITICAL - Thread-2: This is a CRITICAL message.
